\BOOKMARK [0][-]{chapter.1}{\376\377\167\013\141\302\000U\000M\000L\174\173\126\376\124\214\145\366\136\217\126\376}{}% 1
\BOOKMARK [1][-]{section.1.1}{\376\377\116\316\116\000\116\052\171\072\117\213\137\000\131\313}{chapter.1}% 2
\BOOKMARK [1][-]{section.1.2}{\376\377\174\173\116\113\225\364\166\204\121\163\174\373}{chapter.1}% 3
\BOOKMARK [2][-]{subsection.1.2.1}{\376\377\154\333\123\026\121\163\174\373\000\050\000g\000e\000n\000e\000r\000a\000l\000i\000z\000a\000t\000i\000o\000n\000\051}{section.1.2}% 4
\BOOKMARK [2][-]{subsection.1.2.2}{\376\377\133\236\163\260\121\163\174\373\000\050\000r\000e\000a\000l\000i\000z\000e\000\051}{section.1.2}% 5
\BOOKMARK [2][-]{subsection.1.2.3}{\376\377\200\132\124\010\121\163\174\373\000\050\000a\000g\000g\000r\000e\000g\000a\000t\000i\000o\000n\000\051}{section.1.2}% 6
\BOOKMARK [2][-]{subsection.1.2.4}{\376\377\176\304\124\010\121\163\174\373\000\050\000c\000o\000m\000p\000o\000s\000i\000t\000i\000o\000n\000\051}{section.1.2}% 7
\BOOKMARK [2][-]{subsection.1.2.5}{\376\377\121\163\200\124\121\163\174\373\000\050\000a\000s\000s\000o\000c\000i\000a\000t\000i\000o\000n\000\051}{section.1.2}% 8
\BOOKMARK [2][-]{subsection.1.2.6}{\376\377\117\235\215\126\121\163\174\373\000\050\000d\000e\000p\000e\000n\000d\000e\000n\000c\000y\000\051}{section.1.2}% 9
\BOOKMARK [1][-]{section.1.3}{\376\377\145\366\136\217\126\376}{chapter.1}% 10
\BOOKMARK [1][-]{section.1.4}{\376\377\226\104\137\125}{chapter.1}% 11
\BOOKMARK [0][-]{chapter.2}{\376\377\122\033\136\372\127\213\152\041\137\017}{}% 12
\BOOKMARK [1][-]{section.2.1}{\376\377\173\200\123\125\135\345\123\202\152\041\137\017\000\050\000\040\000S\000i\000m\000p\000l\000e\000\040\000F\000a\000c\000t\000o\000r\000y\000\040\000P\000a\000t\000t\000e\000r\000n\000\040\000\051}{chapter.2}% 13
\BOOKMARK [2][-]{subsection.2.1.1}{\376\377\152\041\137\017\122\250\147\072}{section.2.1}% 14
\BOOKMARK [2][-]{subsection.2.1.2}{\376\377\152\041\137\017\133\232\116\111}{section.2.1}% 15
\BOOKMARK [2][-]{subsection.2.1.3}{\376\377\152\041\137\017\176\323\147\204}{section.2.1}% 16
\BOOKMARK [2][-]{subsection.2.1.4}{\376\377\145\366\136\217\126\376}{section.2.1}% 17
\BOOKMARK [2][-]{subsection.2.1.5}{\376\377\116\343\170\001\122\006\147\220}{section.2.1}% 18
\BOOKMARK [2][-]{subsection.2.1.6}{\376\377\152\041\137\017\122\006\147\220}{section.2.1}% 19
\BOOKMARK [2][-]{subsection.2.1.7}{\376\377\133\236\117\213}{section.2.1}% 20
\BOOKMARK [2][-]{subsection.2.1.8}{\376\377\173\200\123\125\135\345\123\202\152\041\137\017\166\204\117\030\160\271}{section.2.1}% 21
\BOOKMARK [2][-]{subsection.2.1.9}{\376\377\173\200\123\125\135\345\123\202\152\041\137\017\166\204\177\072\160\271}{section.2.1}% 22
\BOOKMARK [2][-]{subsection.2.1.10}{\376\377\220\002\165\050\163\257\130\203}{section.2.1}% 23
\BOOKMARK [2][-]{subsection.2.1.11}{\376\377\152\041\137\017\136\224\165\050}{section.2.1}% 24
\BOOKMARK [2][-]{subsection.2.1.12}{\376\377\140\073\176\323}{section.2.1}% 25
\BOOKMARK [1][-]{section.2.2}{\376\377\135\345\123\202\145\271\154\325\152\041\137\017\000\050\000F\000a\000c\000t\000o\000r\000y\000\040\000M\000e\000t\000h\000o\000d\000\040\000P\000a\000t\000t\000e\000r\000n\000\051}{chapter.2}% 26
\BOOKMARK [2][-]{subsection.2.2.1}{\376\377\152\041\137\017\122\250\147\072}{section.2.2}% 27
\BOOKMARK [2][-]{subsection.2.2.2}{\376\377\152\041\137\017\133\232\116\111}{section.2.2}% 28
\BOOKMARK [2][-]{subsection.2.2.3}{\376\377\152\041\137\017\176\323\147\204}{section.2.2}% 29
\BOOKMARK [2][-]{subsection.2.2.4}{\376\377\145\366\136\217\126\376}{section.2.2}% 30
\BOOKMARK [2][-]{subsection.2.2.5}{\376\377\116\343\170\001\122\006\147\220}{section.2.2}% 31
\BOOKMARK [2][-]{subsection.2.2.6}{\376\377\152\041\137\017\122\006\147\220}{section.2.2}% 32
\BOOKMARK [2][-]{subsection.2.2.7}{\376\377\133\236\117\213}{section.2.2}% 33
\BOOKMARK [2][-]{subsection.2.2.8}{\376\377\135\345\123\202\145\271\154\325\152\041\137\017\166\204\117\030\160\271}{section.2.2}% 34
\BOOKMARK [2][-]{subsection.2.2.9}{\376\377\135\345\123\202\145\271\154\325\152\041\137\017\166\204\177\072\160\271}{section.2.2}% 35
\BOOKMARK [2][-]{subsection.2.2.10}{\376\377\220\002\165\050\163\257\130\203}{section.2.2}% 36
\BOOKMARK [2][-]{subsection.2.2.11}{\376\377\152\041\137\017\136\224\165\050}{section.2.2}% 37
\BOOKMARK [2][-]{subsection.2.2.12}{\376\377\152\041\137\017\142\151\134\125}{section.2.2}% 38
\BOOKMARK [2][-]{subsection.2.2.13}{\376\377\140\073\176\323}{section.2.2}% 39
\BOOKMARK [1][-]{section.2.3}{\376\377\142\275\214\141\135\345\123\202\152\041\137\017\000\050\000A\000b\000s\000t\000r\000a\000c\000t\000\040\000F\000a\000c\000t\000o\000r\000y\000\051}{chapter.2}% 40
\BOOKMARK [2][-]{subsection.2.3.1}{\376\377\152\041\137\017\122\250\147\072}{section.2.3}% 41
\BOOKMARK [2][-]{subsection.2.3.2}{\376\377\152\041\137\017\133\232\116\111}{section.2.3}% 42
\BOOKMARK [2][-]{subsection.2.3.3}{\376\377\152\041\137\017\176\323\147\204}{section.2.3}% 43
\BOOKMARK [2][-]{subsection.2.3.4}{\376\377\145\366\136\217\126\376}{section.2.3}% 44
\BOOKMARK [2][-]{subsection.2.3.5}{\376\377\116\343\170\001\122\006\147\220}{section.2.3}% 45
\BOOKMARK [2][-]{subsection.2.3.6}{\376\377\152\041\137\017\122\006\147\220}{section.2.3}% 46
\BOOKMARK [2][-]{subsection.2.3.7}{\376\377\133\236\117\213}{section.2.3}% 47
\BOOKMARK [2][-]{subsection.2.3.8}{\376\377\117\030\160\271}{section.2.3}% 48
\BOOKMARK [2][-]{subsection.2.3.9}{\376\377\177\072\160\271}{section.2.3}% 49
\BOOKMARK [2][-]{subsection.2.3.10}{\376\377\220\002\165\050\163\257\130\203}{section.2.3}% 50
\BOOKMARK [2][-]{subsection.2.3.11}{\376\377\152\041\137\017\136\224\165\050}{section.2.3}% 51
\BOOKMARK [2][-]{subsection.2.3.12}{\376\377\152\041\137\017\142\151\134\125}{section.2.3}% 52
\BOOKMARK [3][-]{subsubsection*.46}{\376\377\040\034\137\000\225\355\123\237\122\031\040\035\166\204\120\076\145\234\140\047}{subsection.2.3.12}% 53
\BOOKMARK [3][-]{subsubsection*.47}{\376\377\135\345\123\202\152\041\137\017\166\204\220\000\123\026}{subsection.2.3.12}% 54
\BOOKMARK [2][-]{subsection.2.3.13}{\376\377\140\073\176\323}{section.2.3}% 55
\BOOKMARK [1][-]{section.2.4}{\376\377\136\372\220\040\200\005\152\041\137\017}{chapter.2}% 56
\BOOKMARK [2][-]{subsection.2.4.1}{\376\377\152\041\137\017\122\250\147\072}{section.2.4}% 57
\BOOKMARK [2][-]{subsection.2.4.2}{\376\377\152\041\137\017\133\232\116\111}{section.2.4}% 58
\BOOKMARK [2][-]{subsection.2.4.3}{\376\377\152\041\137\017\176\323\147\204}{section.2.4}% 59
\BOOKMARK [2][-]{subsection.2.4.4}{\376\377\145\366\136\217\126\376}{section.2.4}% 60
\BOOKMARK [2][-]{subsection.2.4.5}{\376\377\116\343\170\001\122\006\147\220}{section.2.4}% 61
\BOOKMARK [2][-]{subsection.2.4.6}{\376\377\152\041\137\017\122\006\147\220}{section.2.4}% 62
\BOOKMARK [2][-]{subsection.2.4.7}{\376\377\133\236\117\213}{section.2.4}% 63
\BOOKMARK [2][-]{subsection.2.4.8}{\376\377\117\030\160\271}{section.2.4}% 64
\BOOKMARK [2][-]{subsection.2.4.9}{\376\377\177\072\160\271}{section.2.4}% 65
\BOOKMARK [2][-]{subsection.2.4.10}{\376\377\220\002\165\050\163\257\130\203}{section.2.4}% 66
\BOOKMARK [2][-]{subsection.2.4.11}{\376\377\152\041\137\017\136\224\165\050}{section.2.4}% 67
\BOOKMARK [2][-]{subsection.2.4.12}{\376\377\152\041\137\017\142\151\134\125}{section.2.4}% 68
\BOOKMARK [2][-]{subsection.2.4.13}{\376\377\140\073\176\323}{section.2.4}% 69
\BOOKMARK [1][-]{section.2.5}{\376\377\123\125\117\213\152\041\137\017}{chapter.2}% 70
\BOOKMARK [2][-]{subsection.2.5.1}{\376\377\152\041\137\017\122\250\147\072}{section.2.5}% 71
\BOOKMARK [2][-]{subsection.2.5.2}{\376\377\152\041\137\017\133\232\116\111}{section.2.5}% 72
\BOOKMARK [2][-]{subsection.2.5.3}{\376\377\152\041\137\017\176\323\147\204}{section.2.5}% 73
\BOOKMARK [2][-]{subsection.2.5.4}{\376\377\145\366\136\217\126\376}{section.2.5}% 74
\BOOKMARK [2][-]{subsection.2.5.5}{\376\377\116\343\170\001\122\006\147\220}{section.2.5}% 75
\BOOKMARK [2][-]{subsection.2.5.6}{\376\377\152\041\137\017\122\006\147\220}{section.2.5}% 76
\BOOKMARK [2][-]{subsection.2.5.7}{\376\377\133\236\117\213}{section.2.5}% 77
\BOOKMARK [2][-]{subsection.2.5.8}{\376\377\117\030\160\271}{section.2.5}% 78
\BOOKMARK [2][-]{subsection.2.5.9}{\376\377\177\072\160\271}{section.2.5}% 79
\BOOKMARK [2][-]{subsection.2.5.10}{\376\377\220\002\165\050\163\257\130\203}{section.2.5}% 80
\BOOKMARK [2][-]{subsection.2.5.11}{\376\377\152\041\137\017\136\224\165\050}{section.2.5}% 81
\BOOKMARK [2][-]{subsection.2.5.12}{\376\377\152\041\137\017\142\151\134\125}{section.2.5}% 82
\BOOKMARK [2][-]{subsection.2.5.13}{\376\377\140\073\176\323}{section.2.5}% 83
\BOOKMARK [0][-]{chapter.3}{\376\377\176\323\147\204\127\213\152\041\137\017}{}% 84
\BOOKMARK [1][-]{section.3.1}{\376\377\220\002\221\115\126\150\152\041\137\017}{chapter.3}% 85
\BOOKMARK [2][-]{subsection.3.1.1}{\376\377\152\041\137\017\122\250\147\072}{section.3.1}% 86
\BOOKMARK [2][-]{subsection.3.1.2}{\376\377\152\041\137\017\133\232\116\111}{section.3.1}% 87
\BOOKMARK [2][-]{subsection.3.1.3}{\376\377\152\041\137\017\176\323\147\204}{section.3.1}% 88
\BOOKMARK [2][-]{subsection.3.1.4}{\376\377\145\366\136\217\126\376}{section.3.1}% 89
\BOOKMARK [2][-]{subsection.3.1.5}{\376\377\116\343\170\001\122\006\147\220}{section.3.1}% 90
\BOOKMARK [2][-]{subsection.3.1.6}{\376\377\152\041\137\017\122\006\147\220}{section.3.1}% 91
\BOOKMARK [2][-]{subsection.3.1.7}{\376\377\133\236\117\213}{section.3.1}% 92
\BOOKMARK [2][-]{subsection.3.1.8}{\376\377\117\030\160\271}{section.3.1}% 93
\BOOKMARK [2][-]{subsection.3.1.9}{\376\377\177\072\160\271}{section.3.1}% 94
\BOOKMARK [2][-]{subsection.3.1.10}{\376\377\220\002\165\050\163\257\130\203}{section.3.1}% 95
\BOOKMARK [2][-]{subsection.3.1.11}{\376\377\152\041\137\017\136\224\165\050}{section.3.1}% 96
\BOOKMARK [2][-]{subsection.3.1.12}{\376\377\152\041\137\017\142\151\134\125}{section.3.1}% 97
\BOOKMARK [2][-]{subsection.3.1.13}{\376\377\140\073\176\323}{section.3.1}% 98
\BOOKMARK [1][-]{section.3.2}{\376\377\150\145\143\245\152\041\137\017}{chapter.3}% 99
\BOOKMARK [2][-]{subsection.3.2.1}{\376\377\152\041\137\017\122\250\147\072}{section.3.2}% 100
\BOOKMARK [2][-]{subsection.3.2.2}{\376\377\152\041\137\017\133\232\116\111}{section.3.2}% 101
\BOOKMARK [2][-]{subsection.3.2.3}{\376\377\152\041\137\017\176\323\147\204}{section.3.2}% 102
\BOOKMARK [2][-]{subsection.3.2.4}{\376\377\145\366\136\217\126\376}{section.3.2}% 103
\BOOKMARK [2][-]{subsection.3.2.5}{\376\377\116\343\170\001\122\006\147\220}{section.3.2}% 104
\BOOKMARK [2][-]{subsection.3.2.6}{\376\377\152\041\137\017\122\006\147\220}{section.3.2}% 105
\BOOKMARK [2][-]{subsection.3.2.7}{\376\377\133\236\117\213}{section.3.2}% 106
\BOOKMARK [2][-]{subsection.3.2.8}{\376\377\117\030\160\271}{section.3.2}% 107
\BOOKMARK [2][-]{subsection.3.2.9}{\376\377\177\072\160\271}{section.3.2}% 108
\BOOKMARK [2][-]{subsection.3.2.10}{\376\377\220\002\165\050\163\257\130\203}{section.3.2}% 109
\BOOKMARK [2][-]{subsection.3.2.11}{\376\377\152\041\137\017\136\224\165\050}{section.3.2}% 110
\BOOKMARK [2][-]{subsection.3.2.12}{\376\377\152\041\137\017\142\151\134\125}{section.3.2}% 111
\BOOKMARK [2][-]{subsection.3.2.13}{\376\377\140\073\176\323}{section.3.2}% 112
\BOOKMARK [1][-]{section.3.3}{\376\377\210\305\231\160\152\041\137\017}{chapter.3}% 113
\BOOKMARK [2][-]{subsection.3.3.1}{\376\377\152\041\137\017\122\250\147\072}{section.3.3}% 114
\BOOKMARK [2][-]{subsection.3.3.2}{\376\377\152\041\137\017\133\232\116\111}{section.3.3}% 115
\BOOKMARK [2][-]{subsection.3.3.3}{\376\377\152\041\137\017\176\323\147\204}{section.3.3}% 116
\BOOKMARK [2][-]{subsection.3.3.4}{\376\377\145\366\136\217\126\376}{section.3.3}% 117
\BOOKMARK [2][-]{subsection.3.3.5}{\376\377\116\343\170\001\122\006\147\220}{section.3.3}% 118
\BOOKMARK [2][-]{subsection.3.3.6}{\376\377\152\041\137\017\122\006\147\220}{section.3.3}% 119
\BOOKMARK [2][-]{subsection.3.3.7}{\376\377\133\236\117\213}{section.3.3}% 120
\BOOKMARK [2][-]{subsection.3.3.8}{\376\377\117\030\160\271}{section.3.3}% 121
\BOOKMARK [2][-]{subsection.3.3.9}{\376\377\177\072\160\271}{section.3.3}% 122
\BOOKMARK [2][-]{subsection.3.3.10}{\376\377\220\002\165\050\163\257\130\203}{section.3.3}% 123
\BOOKMARK [2][-]{subsection.3.3.11}{\376\377\152\041\137\017\136\224\165\050}{section.3.3}% 124
\BOOKMARK [2][-]{subsection.3.3.12}{\376\377\152\041\137\017\142\151\134\125}{section.3.3}% 125
\BOOKMARK [2][-]{subsection.3.3.13}{\376\377\140\073\176\323}{section.3.3}% 126
\BOOKMARK [1][-]{section.3.4}{\376\377\131\026\211\302\152\041\137\017}{chapter.3}% 127
\BOOKMARK [2][-]{subsection.3.4.1}{\376\377\152\041\137\017\122\250\147\072}{section.3.4}% 128
\BOOKMARK [2][-]{subsection.3.4.2}{\376\377\152\041\137\017\133\232\116\111}{section.3.4}% 129
\BOOKMARK [2][-]{subsection.3.4.3}{\376\377\152\041\137\017\176\323\147\204}{section.3.4}% 130
\BOOKMARK [2][-]{subsection.3.4.4}{\376\377\145\366\136\217\126\376}{section.3.4}% 131
\BOOKMARK [2][-]{subsection.3.4.5}{\376\377\116\343\170\001\122\006\147\220}{section.3.4}% 132
\BOOKMARK [2][-]{subsection.3.4.6}{\376\377\152\041\137\017\122\006\147\220}{section.3.4}% 133
\BOOKMARK [2][-]{subsection.3.4.7}{\376\377\133\236\117\213}{section.3.4}% 134
\BOOKMARK [2][-]{subsection.3.4.8}{\376\377\117\030\160\271}{section.3.4}% 135
\BOOKMARK [2][-]{subsection.3.4.9}{\376\377\177\072\160\271}{section.3.4}% 136
\BOOKMARK [2][-]{subsection.3.4.10}{\376\377\220\002\165\050\163\257\130\203}{section.3.4}% 137
\BOOKMARK [2][-]{subsection.3.4.11}{\376\377\152\041\137\017\136\224\165\050}{section.3.4}% 138
\BOOKMARK [2][-]{subsection.3.4.12}{\376\377\152\041\137\017\142\151\134\125}{section.3.4}% 139
\BOOKMARK [2][-]{subsection.3.4.13}{\376\377\140\073\176\323}{section.3.4}% 140
\BOOKMARK [1][-]{section.3.5}{\376\377\116\253\121\103\152\041\137\017}{chapter.3}% 141
\BOOKMARK [2][-]{subsection.3.5.1}{\376\377\152\041\137\017\122\250\147\072}{section.3.5}% 142
\BOOKMARK [2][-]{subsection.3.5.2}{\376\377\152\041\137\017\133\232\116\111}{section.3.5}% 143
\BOOKMARK [2][-]{subsection.3.5.3}{\376\377\152\041\137\017\176\323\147\204}{section.3.5}% 144
\BOOKMARK [2][-]{subsection.3.5.4}{\376\377\145\366\136\217\126\376}{section.3.5}% 145
\BOOKMARK [2][-]{subsection.3.5.5}{\376\377\116\343\170\001\122\006\147\220}{section.3.5}% 146
\BOOKMARK [2][-]{subsection.3.5.6}{\376\377\152\041\137\017\122\006\147\220}{section.3.5}% 147
\BOOKMARK [2][-]{subsection.3.5.7}{\376\377\133\236\117\213}{section.3.5}% 148
\BOOKMARK [2][-]{subsection.3.5.8}{\376\377\117\030\160\271}{section.3.5}% 149
\BOOKMARK [2][-]{subsection.3.5.9}{\376\377\177\072\160\271}{section.3.5}% 150
\BOOKMARK [2][-]{subsection.3.5.10}{\376\377\220\002\165\050\163\257\130\203}{section.3.5}% 151
\BOOKMARK [2][-]{subsection.3.5.11}{\376\377\152\041\137\017\136\224\165\050}{section.3.5}% 152
\BOOKMARK [2][-]{subsection.3.5.12}{\376\377\152\041\137\017\142\151\134\125}{section.3.5}% 153
\BOOKMARK [2][-]{subsection.3.5.13}{\376\377\140\073\176\323}{section.3.5}% 154
\BOOKMARK [1][-]{section.3.6}{\376\377\116\343\164\006\152\041\137\017}{chapter.3}% 155
\BOOKMARK [2][-]{subsection.3.6.1}{\376\377\152\041\137\017\122\250\147\072}{section.3.6}% 156
\BOOKMARK [2][-]{subsection.3.6.2}{\376\377\152\041\137\017\133\232\116\111}{section.3.6}% 157
\BOOKMARK [2][-]{subsection.3.6.3}{\376\377\152\041\137\017\176\323\147\204}{section.3.6}% 158
\BOOKMARK [2][-]{subsection.3.6.4}{\376\377\145\366\136\217\126\376}{section.3.6}% 159
\BOOKMARK [2][-]{subsection.3.6.5}{\376\377\116\343\170\001\122\006\147\220}{section.3.6}% 160
\BOOKMARK [2][-]{subsection.3.6.6}{\376\377\152\041\137\017\122\006\147\220}{section.3.6}% 161
\BOOKMARK [2][-]{subsection.3.6.7}{\376\377\133\236\117\213}{section.3.6}% 162
\BOOKMARK [2][-]{subsection.3.6.8}{\376\377\117\030\160\271}{section.3.6}% 163
\BOOKMARK [2][-]{subsection.3.6.9}{\376\377\177\072\160\271}{section.3.6}% 164
\BOOKMARK [2][-]{subsection.3.6.10}{\376\377\220\002\165\050\163\257\130\203}{section.3.6}% 165
\BOOKMARK [2][-]{subsection.3.6.11}{\376\377\152\041\137\017\136\224\165\050}{section.3.6}% 166
\BOOKMARK [2][-]{subsection.3.6.12}{\376\377\152\041\137\017\142\151\134\125}{section.3.6}% 167
\BOOKMARK [2][-]{subsection.3.6.13}{\376\377\140\073\176\323}{section.3.6}% 168
\BOOKMARK [0][-]{chapter.4}{\376\377\210\114\116\072\127\213\152\041\137\017}{}% 169
\BOOKMARK [1][-]{section.4.1}{\376\377\124\175\116\344\152\041\137\017}{chapter.4}% 170
\BOOKMARK [2][-]{subsection.4.1.1}{\376\377\152\041\137\017\122\250\147\072}{section.4.1}% 171
\BOOKMARK [2][-]{subsection.4.1.2}{\376\377\152\041\137\017\133\232\116\111}{section.4.1}% 172
\BOOKMARK [2][-]{subsection.4.1.3}{\376\377\152\041\137\017\176\323\147\204}{section.4.1}% 173
\BOOKMARK [2][-]{subsection.4.1.4}{\376\377\145\366\136\217\126\376}{section.4.1}% 174
\BOOKMARK [2][-]{subsection.4.1.5}{\376\377\116\343\170\001\122\006\147\220}{section.4.1}% 175
\BOOKMARK [2][-]{subsection.4.1.6}{\376\377\152\041\137\017\122\006\147\220}{section.4.1}% 176
\BOOKMARK [2][-]{subsection.4.1.7}{\376\377\133\236\117\213}{section.4.1}% 177
\BOOKMARK [2][-]{subsection.4.1.8}{\376\377\117\030\160\271}{section.4.1}% 178
\BOOKMARK [2][-]{subsection.4.1.9}{\376\377\177\072\160\271}{section.4.1}% 179
\BOOKMARK [2][-]{subsection.4.1.10}{\376\377\220\002\165\050\163\257\130\203}{section.4.1}% 180
\BOOKMARK [2][-]{subsection.4.1.11}{\376\377\152\041\137\017\136\224\165\050}{section.4.1}% 181
\BOOKMARK [2][-]{subsection.4.1.12}{\376\377\152\041\137\017\142\151\134\125}{section.4.1}% 182
\BOOKMARK [2][-]{subsection.4.1.13}{\376\377\140\073\176\323}{section.4.1}% 183
\BOOKMARK [1][-]{section.4.2}{\376\377\116\055\116\313\200\005\152\041\137\017}{chapter.4}% 184
\BOOKMARK [2][-]{subsection.4.2.1}{\376\377\152\041\137\017\122\250\147\072}{section.4.2}% 185
\BOOKMARK [2][-]{subsection.4.2.2}{\376\377\152\041\137\017\133\232\116\111}{section.4.2}% 186
\BOOKMARK [2][-]{subsection.4.2.3}{\376\377\152\041\137\017\176\323\147\204}{section.4.2}% 187
\BOOKMARK [2][-]{subsection.4.2.4}{\376\377\145\366\136\217\126\376}{section.4.2}% 188
\BOOKMARK [2][-]{subsection.4.2.5}{\376\377\116\343\170\001\122\006\147\220}{section.4.2}% 189
\BOOKMARK [2][-]{subsection.4.2.6}{\376\377\152\041\137\017\122\006\147\220}{section.4.2}% 190
\BOOKMARK [2][-]{subsection.4.2.7}{\376\377\133\236\117\213}{section.4.2}% 191
\BOOKMARK [2][-]{subsection.4.2.8}{\376\377\117\030\160\271}{section.4.2}% 192
\BOOKMARK [2][-]{subsection.4.2.9}{\376\377\177\072\160\271}{section.4.2}% 193
\BOOKMARK [2][-]{subsection.4.2.10}{\376\377\220\002\165\050\163\257\130\203}{section.4.2}% 194
\BOOKMARK [2][-]{subsection.4.2.11}{\376\377\152\041\137\017\136\224\165\050}{section.4.2}% 195
\BOOKMARK [2][-]{subsection.4.2.12}{\376\377\152\041\137\017\142\151\134\125}{section.4.2}% 196
\BOOKMARK [2][-]{subsection.4.2.13}{\376\377\140\073\176\323}{section.4.2}% 197
\BOOKMARK [1][-]{section.4.3}{\376\377\211\302\133\337\200\005\152\041\137\017}{chapter.4}% 198
\BOOKMARK [2][-]{subsection.4.3.1}{\376\377\152\041\137\017\122\250\147\072}{section.4.3}% 199
\BOOKMARK [2][-]{subsection.4.3.2}{\376\377\152\041\137\017\133\232\116\111}{section.4.3}% 200
\BOOKMARK [2][-]{subsection.4.3.3}{\376\377\152\041\137\017\176\323\147\204}{section.4.3}% 201
\BOOKMARK [2][-]{subsection.4.3.4}{\376\377\145\366\136\217\126\376}{section.4.3}% 202
\BOOKMARK [2][-]{subsection.4.3.5}{\376\377\116\343\170\001\122\006\147\220}{section.4.3}% 203
\BOOKMARK [2][-]{subsection.4.3.6}{\376\377\152\041\137\017\122\006\147\220}{section.4.3}% 204
\BOOKMARK [2][-]{subsection.4.3.7}{\376\377\133\236\117\213}{section.4.3}% 205
\BOOKMARK [2][-]{subsection.4.3.8}{\376\377\117\030\160\271}{section.4.3}% 206
\BOOKMARK [2][-]{subsection.4.3.9}{\376\377\177\072\160\271}{section.4.3}% 207
\BOOKMARK [2][-]{subsection.4.3.10}{\376\377\220\002\165\050\163\257\130\203}{section.4.3}% 208
\BOOKMARK [2][-]{subsection.4.3.11}{\376\377\152\041\137\017\136\224\165\050}{section.4.3}% 209
\BOOKMARK [2][-]{subsection.4.3.12}{\376\377\152\041\137\017\142\151\134\125}{section.4.3}% 210
\BOOKMARK [2][-]{subsection.4.3.13}{\376\377\140\073\176\323}{section.4.3}% 211
\BOOKMARK [1][-]{section.4.4}{\376\377\162\266\140\001\152\041\137\017}{chapter.4}% 212
\BOOKMARK [2][-]{subsection.4.4.1}{\376\377\152\041\137\017\122\250\147\072}{section.4.4}% 213
\BOOKMARK [2][-]{subsection.4.4.2}{\376\377\152\041\137\017\133\232\116\111}{section.4.4}% 214
\BOOKMARK [2][-]{subsection.4.4.3}{\376\377\152\041\137\017\176\323\147\204}{section.4.4}% 215
\BOOKMARK [2][-]{subsection.4.4.4}{\376\377\145\366\136\217\126\376}{section.4.4}% 216
\BOOKMARK [2][-]{subsection.4.4.5}{\376\377\116\343\170\001\122\006\147\220}{section.4.4}% 217
\BOOKMARK [2][-]{subsection.4.4.6}{\376\377\152\041\137\017\122\006\147\220}{section.4.4}% 218
\BOOKMARK [2][-]{subsection.4.4.7}{\376\377\133\236\117\213}{section.4.4}% 219
\BOOKMARK [2][-]{subsection.4.4.8}{\376\377\117\030\160\271}{section.4.4}% 220
\BOOKMARK [2][-]{subsection.4.4.9}{\376\377\177\072\160\271}{section.4.4}% 221
\BOOKMARK [2][-]{subsection.4.4.10}{\376\377\220\002\165\050\163\257\130\203}{section.4.4}% 222
\BOOKMARK [2][-]{subsection.4.4.11}{\376\377\152\041\137\017\136\224\165\050}{section.4.4}% 223
\BOOKMARK [2][-]{subsection.4.4.12}{\376\377\152\041\137\017\142\151\134\125}{section.4.4}% 224
\BOOKMARK [2][-]{subsection.4.4.13}{\376\377\140\073\176\323}{section.4.4}% 225
\BOOKMARK [1][-]{section.4.5}{\376\377\173\126\165\145\152\041\137\017}{chapter.4}% 226
\BOOKMARK [2][-]{subsection.4.5.1}{\376\377\152\041\137\017\122\250\147\072}{section.4.5}% 227
\BOOKMARK [2][-]{subsection.4.5.2}{\376\377\152\041\137\017\133\232\116\111}{section.4.5}% 228
\BOOKMARK [2][-]{subsection.4.5.3}{\376\377\152\041\137\017\176\323\147\204}{section.4.5}% 229
\BOOKMARK [2][-]{subsection.4.5.4}{\376\377\145\366\136\217\126\376}{section.4.5}% 230
\BOOKMARK [2][-]{subsection.4.5.5}{\376\377\116\343\170\001\122\006\147\220}{section.4.5}% 231
\BOOKMARK [2][-]{subsection.4.5.6}{\376\377\152\041\137\017\122\006\147\220}{section.4.5}% 232
\BOOKMARK [2][-]{subsection.4.5.7}{\376\377\133\236\117\213}{section.4.5}% 233
\BOOKMARK [2][-]{subsection.4.5.8}{\376\377\117\030\160\271}{section.4.5}% 234
\BOOKMARK [2][-]{subsection.4.5.9}{\376\377\177\072\160\271}{section.4.5}% 235
\BOOKMARK [2][-]{subsection.4.5.10}{\376\377\220\002\165\050\163\257\130\203}{section.4.5}% 236
\BOOKMARK [2][-]{subsection.4.5.11}{\376\377\152\041\137\017\136\224\165\050}{section.4.5}% 237
\BOOKMARK [2][-]{subsection.4.5.12}{\376\377\152\041\137\017\142\151\134\125}{section.4.5}% 238
\BOOKMARK [2][-]{subsection.4.5.13}{\376\377\140\073\176\323}{section.4.5}% 239
\BOOKMARK [0][-]{chapter.5}{\376\377\000I\000n\000d\000i\000c\000e\000s\000\040\000a\000n\000d\000\040\000t\000a\000b\000l\000e\000s}{}% 240
